info 2020-11-17T16:19:13.188Z - server running on port 3000
info 2020-11-17T16:19:23.643Z - stopping server
info 2020-11-17T16:21:52.952Z - server running on port 3000
error 2020-11-17T16:22:22.069Z - Error: Failed to lookup view "login" in views directory "/Users/manuelbarzi/.../letscoder/letscoder-bootcamp-202010/collab/letscoder-bootcamp-202010/staff/manuel-barzi/web-server/views"
info 2020-11-17T16:31:56.568Z - server running on port 3000
info 2020-11-17T16:32:51.784Z - server running on port 3000
info 2020-11-17T16:32:55.107Z - stopping server
info 2020-11-17T16:40:45.941Z - server running on port 3000
info 2020-11-17T16:49:00.267Z - stopping server
info 2020-11-17T16:49:00.268Z - stopping server
info 2020-11-17T16:49:11.080Z - server running on port 3000
error 2020-11-17T16:49:24.446Z - could not accept cookies :(
error 2020-11-17T16:50:33.684Z - could not accept cookies :(
info 2020-11-17T17:11:52.252Z - stopping server

info 2020-11-17T17:13:02.777Z - server running on port 3000
info 2020-11-17T17:14:34.355Z - stopping server
info 2020-11-17T17:14:34.355Z - stopping server
info 2020-11-18T13:00:35.228Z - server running on port 4000
info 2020-11-18T13:01:12.536Z - stopping server
info 2020-11-18T13:01:12.537Z - stopping server
info 2020-11-18T13:01:15.670Z - server running on port 4000
info 2020-11-18T13:03:18.380Z - stopping server
info 2020-11-18T13:03:18.381Z - stopping server
info 2020-11-18T13:15:25.409Z - server running on port 4000
info 2020-11-18T13:18:09.224Z - server running on port 4000
error 2020-11-18T13:18:23.101Z - Error: fullname is empty or blank
error 2020-11-18T13:18:36.202Z - Error: e-mail serpiente@mail.com already registered
info 2020-11-18T13:19:03.308Z - stopping server
info 2020-11-18T13:19:04.401Z - server running on port 4000
error 2020-11-18T13:19:06.886Z - Error: e-mail serpiente@mail.com already registered
info 2020-11-18T13:19:42.673Z - stopping server
info 2020-11-18T13:19:42.673Z - stopping server
info 2020-11-18T13:20:26.360Z - server running on port 4000
info 2020-11-18T13:43:31.863Z - stopping server
info 2020-11-18T13:43:31.864Z - stopping server
info 2020-11-18T13:45:50.034Z - server running on port 4000
info 2020-11-18T13:49:15.244Z - stopping server
info 2020-11-18T13:49:15.244Z - stopping server
info 2020-11-18T13:49:34.615Z - server running on port 4000
info 2020-11-18T13:53:43.043Z - server running on port 4000
info 2020-11-18T13:55:43.167Z - server running on port 4000
info 2020-11-18T13:56:35.766Z - server running on port 4000
info 2020-11-18T13:58:25.580Z - server running on port 4000
info 2020-11-18T13:59:49.053Z - server running on port 4000
info 2020-11-18T14:00:17.901Z - server running on port 4000
error 2020-11-18T14:00:43.219Z - Error: e-mail manuelbarzi@gmail.com already registered
info 2020-11-18T21:20:48.891Z - server running on port 4000
info 2020-11-18T21:23:26.863Z - stopping server
info 2020-11-18T21:23:30.709Z - server running on port 4000
info 2020-11-19T07:39:48.851Z - server running on port 4000
info 2020-11-19T07:46:01.365Z - stopping server
info 2020-11-19T09:37:56.113Z - server running on port 4000
info 2020-11-19T16:08:58.545Z - stopping server
info 2020-11-19T16:18:00.492Z - server running on port 4000
info 2020-11-19T16:18:12.894Z - stopping server
info 2020-11-19T16:18:24.380Z - server running on port 4000
info 2020-11-19T16:22:21.859Z - stopping server
info 2020-11-19T16:22:25.836Z - server running on port 4000
info 2020-11-20T09:08:48.248Z - stopping server
info 2020-11-20T11:08:51.668Z - server running on port 4000
info 2020-11-20T11:16:09.797Z - server running on port 4000
info 2020-11-20T11:16:23.040Z - server running on port 4000
info 2020-11-20T11:16:37.172Z - server running on port 4000
info 2020-11-20T11:17:04.428Z - server running on port 4000
info 2020-11-20T11:18:05.150Z - server running on port 4000
info 2020-11-20T11:18:13.464Z - server running on port 4000
info 2020-11-20T11:18:25.009Z - server running on port 4000
info 2020-11-20T11:18:33.508Z - server running on port 4000
info 2020-11-20T11:26:25.988Z - server running on port 4000
info 2020-11-20T11:32:00.131Z - server running on port 4000
error 2020-11-20T11:54:14.899Z - TypeError: undefined is not a text
error 2020-11-20T11:54:17.205Z - TypeError: undefined is not a text
error 2020-11-20T11:54:17.958Z - TypeError: undefined is not a text
error 2020-11-20T11:54:18.150Z - TypeError: undefined is not a text
error 2020-11-20T11:54:18.573Z - TypeError: undefined is not a text
error 2020-11-20T11:54:18.749Z - TypeError: undefined is not a text
error 2020-11-20T11:54:57.580Z - TypeError: undefined is not a text
error 2020-11-20T11:54:58.577Z - TypeError: undefined is not a text
error 2020-11-20T11:55:04.835Z - TypeError: undefined is not a text
error 2020-11-20T11:55:05.646Z - TypeError: undefined is not a text
error 2020-11-20T11:55:06.481Z - TypeError: undefined is not a text
error 2020-11-20T11:55:06.909Z - TypeError: undefined is not a text
error 2020-11-20T11:55:07.238Z - TypeError: undefined is not a text
error 2020-11-20T11:55:07.478Z - TypeError: undefined is not a text
error 2020-11-20T11:55:07.685Z - TypeError: undefined is not a text
info 2020-11-20T13:59:34.315Z - server running on port 4000
info 2020-11-20T20:37:50.216Z - server running on port 4000
info 2020-11-20T20:38:27.335Z - server running on port 4000
info 2020-11-20T20:47:50.309Z - starting server
info 2020-11-20T21:21:35.235Z - starting server
info 2020-11-20T21:26:10.902Z - starting server
info 2020-11-20T21:26:11.964Z - starting server
info 2020-11-20T21:28:05.303Z - starting server
info 2020-11-20T21:28:13.567Z - starting server
info 2020-11-20T21:28:33.075Z - starting server
info 2020-11-20T21:28:43.100Z - starting server
info 2020-11-20T21:29:44.468Z - starting server
info 2020-11-21T00:13:57.945Z - server running on port 4000
info 2020-11-21T08:34:39.487Z - server running on port 4000
info 2020-11-21T09:02:17.509Z - server running on port 4000
info 2020-11-21T09:02:27.353Z - server running on port 4000
info 2020-11-21T11:44:18.597Z - server running on port 4000
info 2020-11-21T12:13:02.096Z - stopping server
info 2020-11-21T18:38:40.172Z - server running on port 4000
info 2020-11-21T18:39:10.218Z - server running on port 4000
info 2020-11-21T19:36:19.467Z - server running on port 4000
info 2020-11-21T19:37:07.630Z - server running on port 4000
info 2020-11-21T19:37:47.439Z - stopping server
info 2020-11-21T19:37:50.662Z - server running on port 4000
info 2020-11-21T19:41:20.088Z - server running on port 4000
info 2020-11-21T19:44:12.421Z - stopping server
info 2020-11-21T19:44:17.096Z - server running on port 4000
info 2020-11-21T23:18:11.659Z - server running on port 4000
info 2020-11-21T23:27:02.696Z - starting server
info 2020-11-21T23:28:30.580Z - starting server
info 2020-11-21T23:29:16.276Z - starting server
info 2020-11-21T23:33:03.403Z - starting server
info 2020-11-21T23:33:12.552Z - starting server
info 2020-11-21T23:35:04.051Z - starting server
info 2020-11-21T23:36:15.594Z - starting server
info 2020-11-21T23:37:29.067Z - starting server
info 2020-11-21T23:38:53.336Z - starting server
info 2020-11-21T23:39:53.076Z - starting server
info 2020-11-21T23:39:53.111Z - server running on port 4000
info 2020-11-21T23:40:37.416Z - stopping server
info 2020-11-21T23:40:39.543Z - starting server
info 2020-11-21T23:40:39.577Z - server running on port 4000
info 2020-11-21T23:48:11.815Z - starting server
info 2020-11-21T23:48:11.852Z - server running on port 4000
info 2020-11-21T23:48:56.534Z - starting server
info 2020-11-21T23:48:56.570Z - server running on port 4000
info 2020-11-21T23:50:12.559Z - starting server
info 2020-11-21T23:50:12.593Z - server running on port 4000
info 2020-11-21T23:51:15.832Z - starting server
info 2020-11-21T23:51:15.880Z - server running on port 4000
info 2020-11-21T23:53:25.185Z - starting server
info 2020-11-21T23:53:25.219Z - server running on port 4000
info 2020-11-21T23:53:29.632Z - starting server
info 2020-11-21T23:53:29.666Z - server running on port 4000
error 2020-11-21T23:56:06.338Z - ReferenceError: fs is not defined
info 2020-11-21T23:57:07.166Z - starting server
info 2020-11-21T23:57:07.203Z - server running on port 4000
info 2020-11-21T23:57:49.429Z - starting server
info 2020-11-21T23:57:49.466Z - server running on port 4000
error 2020-11-21T23:58:37.715Z - Error: email benitobeni@mail.com already registered
error 2020-11-22T00:06:51.789Z - Error: wrong credentials
error 2020-11-22T00:07:41.153Z - Error: wrong credentials
info 2020-11-22T00:10:03.630Z - stopping server
info 2020-11-22T09:36:14.955Z - starting server
info 2020-11-22T09:36:14.993Z - server running on port 4000
error 2020-11-22T09:36:48.584Z - Error: id length is not 31
info 2020-11-22T09:40:19.464Z - starting server
info 2020-11-22T09:40:19.502Z - server running on port 4000
info 2020-11-22T09:40:53.327Z - starting server
info 2020-11-22T09:40:53.363Z - server running on port 4000
info 2020-11-22T09:42:45.951Z - starting server
info 2020-11-22T09:42:45.986Z - server running on port 4000
info 2020-11-22T09:43:44.984Z - starting server
info 2020-11-22T09:43:45.020Z - server running on port 4000
info 2020-11-22T09:44:31.659Z - starting server
info 2020-11-22T09:44:31.693Z - server running on port 4000
info 2020-11-22T09:44:42.329Z - starting server
info 2020-11-22T09:44:42.363Z - server running on port 4000
info 2020-11-22T09:47:34.090Z - starting server
info 2020-11-22T09:47:34.125Z - server running on port 4000
info 2020-11-22T09:57:47.286Z - starting server
info 2020-11-22T09:57:47.324Z - server running on port 4000
info 2020-11-22T09:57:57.892Z - starting server
info 2020-11-22T09:57:57.926Z - server running on port 4000
error 2020-11-22T09:58:53.193Z - Error: id length is not 31
info 2020-11-22T09:59:37.888Z - starting server
info 2020-11-22T09:59:37.927Z - server running on port 4000
info 2020-11-22T10:01:49.423Z - starting server
info 2020-11-22T10:01:49.460Z - server running on port 4000
info 2020-11-22T10:02:39.383Z - stopping server
info 2020-11-22T10:02:41.671Z - starting server
info 2020-11-22T10:02:41.706Z - server running on port 4000
error 2020-11-22T10:03:56.517Z - Error: id length is not 31
info 2020-11-22T10:05:06.933Z - starting server
info 2020-11-22T10:05:06.972Z - server running on port 4000
info 2020-11-22T10:06:38.063Z - starting server
info 2020-11-22T10:06:38.108Z - server running on port 4000
error 2020-11-22T10:06:51.536Z - Error: id length is not 31
info 2020-11-22T10:07:49.481Z - starting server
info 2020-11-22T10:07:49.519Z - server running on port 4000
error 2020-11-22T10:08:02.947Z - Error: id length is not 31
info 2020-11-22T10:09:51.584Z - starting server
info 2020-11-22T10:09:51.621Z - server running on port 4000
error 2020-11-22T10:10:04.531Z - Error: id length is not 31
info 2020-11-22T10:10:27.188Z - starting server
info 2020-11-22T10:10:27.229Z - server running on port 4000
info 2020-11-22T10:12:09.376Z - starting server
info 2020-11-22T10:12:09.414Z - server running on port 4000
error 2020-11-22T10:12:24.436Z - Error: id length is not 31
info 2020-11-22T10:14:42.360Z - starting server
info 2020-11-22T10:14:42.395Z - server running on port 4000
info 2020-11-22T10:18:42.732Z - starting server
info 2020-11-22T10:18:42.770Z - server running on port 4000
info 2020-11-22T10:19:06.926Z - stopping server
info 2020-11-22T10:19:08.828Z - starting server
info 2020-11-22T10:19:08.866Z - server running on port 4000
info 2020-11-22T10:20:27.179Z - starting server
info 2020-11-22T10:20:27.213Z - server running on port 4000
info 2020-11-22T10:28:26.166Z - starting server
info 2020-11-22T10:28:26.202Z - server running on port 4000
info 2020-11-22T10:29:40.141Z - starting server
info 2020-11-22T10:29:40.182Z - server running on port 4000
info 2020-11-22T10:53:13.187Z - starting server
info 2020-11-22T10:53:13.224Z - server running on port 4000
info 2020-11-22T11:14:09.099Z - starting server
info 2020-11-22T11:14:09.148Z - server running on port 4000
info 2020-11-22T11:14:43.850Z - starting server
info 2020-11-22T11:14:43.890Z - server running on port 4000
info 2020-11-22T11:15:19.353Z - starting server
info 2020-11-22T11:15:19.392Z - server running on port 4000
info 2020-11-22T11:17:14.963Z - starting server
info 2020-11-22T11:17:15.008Z - server running on port 4000
info 2020-11-22T11:35:01.420Z - starting server
info 2020-11-22T11:35:01.459Z - server running on port 4000
info 2020-11-22T11:37:31.847Z - starting server
info 2020-11-22T11:37:31.885Z - server running on port 4000
info 2020-11-22T12:38:36.325Z - starting server
info 2020-11-22T12:38:36.382Z - server running on port 4000
info 2020-11-22T12:42:49.837Z - starting server
info 2020-11-22T12:42:49.876Z - server running on port 4000
info 2020-11-22T12:44:38.332Z - starting server
info 2020-11-22T12:44:38.376Z - server running on port 4000
info 2020-11-22T12:44:48.422Z - starting server
info 2020-11-22T12:44:48.464Z - server running on port 4000
info 2020-11-22T12:44:49.790Z - starting server
info 2020-11-22T12:44:49.852Z - server running on port 4000
info 2020-11-22T12:45:46.271Z - starting server
info 2020-11-22T12:45:46.311Z - server running on port 4000
info 2020-11-22T12:46:08.260Z - starting server
info 2020-11-22T12:46:08.299Z - server running on port 4000
info 2020-11-22T12:48:07.449Z - starting server
info 2020-11-22T12:48:07.486Z - server running on port 4000
info 2020-11-22T12:48:23.133Z - stopping server
info 2020-11-22T12:48:25.135Z - starting server
info 2020-11-22T12:48:25.173Z - server running on port 4000
info 2020-11-22T12:54:23.413Z - starting server
info 2020-11-22T12:54:23.454Z - server running on port 4000
info 2020-11-22T12:54:56.217Z - starting server
info 2020-11-22T12:54:56.259Z - server running on port 4000
info 2020-11-22T12:55:04.593Z - stopping server
info 2020-11-22T12:55:06.970Z - starting server
info 2020-11-22T12:55:07.007Z - server running on port 4000
info 2020-11-22T12:56:10.662Z - starting server
info 2020-11-22T12:56:10.702Z - server running on port 4000
info 2020-11-22T12:59:43.343Z - starting server
info 2020-11-22T12:59:43.381Z - server running on port 4000
info 2020-11-22T12:59:47.602Z - starting server
info 2020-11-22T12:59:47.639Z - server running on port 4000
info 2020-11-22T13:00:35.170Z - starting server
info 2020-11-22T13:00:35.210Z - server running on port 4000
info 2020-11-22T13:01:03.233Z - stopping server
info 2020-11-22T13:01:05.163Z - starting server
info 2020-11-22T13:01:05.202Z - server running on port 4000
info 2020-11-22T13:02:09.437Z - starting server
info 2020-11-22T13:02:09.486Z - server running on port 4000
info 2020-11-22T13:04:23.239Z - starting server
info 2020-11-22T13:04:23.287Z - server running on port 4000
info 2020-11-22T13:39:59.496Z - starting server
error 2020-11-22T13:40:29.512Z - MongoServerSelectionError: connect ECONNREFUSED 127.0.0.1:27017
info 2020-11-22T13:40:29.513Z - stopping server
info 2020-11-22T15:29:36.710Z - starting server
error 2020-11-22T15:30:06.723Z - MongoServerSelectionError: connect ECONNREFUSED 127.0.0.1:27017
info 2020-11-22T15:30:06.725Z - stopping server
info 2020-11-22T15:30:47.289Z - starting server
error 2020-11-22T15:31:17.303Z - MongoServerSelectionError: connect ECONNREFUSED 127.0.0.1:27017
info 2020-11-22T15:31:17.305Z - stopping server
info 2020-11-22T16:29:10.475Z - starting server
error 2020-11-22T16:29:40.490Z - MongoServerSelectionError: connect ECONNREFUSED 127.0.0.1:27017
info 2020-11-22T16:29:40.491Z - stopping server
info 2020-11-22T17:34:02.346Z - starting server
info 2020-11-22T17:34:02.384Z - server running on port 4000
info 2020-11-22T17:43:11.003Z - starting server
info 2020-11-22T17:43:11.038Z - server running on port 4000
info 2020-11-22T17:47:18.185Z - starting server
info 2020-11-22T17:47:18.220Z - server running on port 4000
info 2020-11-22T18:01:51.800Z - starting server
info 2020-11-22T18:01:51.836Z - server running on port 4000
info 2020-11-22T18:02:08.198Z - starting server
info 2020-11-22T18:02:08.241Z - server running on port 4000
info 2020-11-22T18:05:21.097Z - starting server
info 2020-11-22T18:05:21.142Z - server running on port 4000
info 2020-11-22T18:05:38.682Z - starting server
info 2020-11-22T18:05:38.722Z - server running on port 4000
info 2020-11-22T18:28:24.435Z - starting server
info 2020-11-22T18:28:24.478Z - server running on port 4000
info 2020-11-22T18:28:38.684Z - starting server
info 2020-11-22T18:28:38.727Z - server running on port 4000
info 2020-11-22T18:29:36.039Z - starting server
info 2020-11-22T18:29:36.082Z - server running on port 4000
info 2020-11-22T18:40:17.326Z - starting server
info 2020-11-22T18:40:17.366Z - server running on port 4000
info 2020-11-22T18:40:22.145Z - stopping server
info 2020-11-22T18:40:34.794Z - starting server
info 2020-11-22T18:40:34.856Z - server running on port 4000
info 2020-11-22T18:50:39.865Z - starting server
info 2020-11-22T18:50:39.913Z - server running on port 4000
info 2020-11-22T18:50:58.550Z - starting server
info 2020-11-22T18:50:58.602Z - server running on port 4000
info 2020-11-22T18:51:56.282Z - starting server
info 2020-11-22T18:54:27.240Z - starting server
info 2020-11-22T18:54:48.411Z - starting server
info 2020-11-22T18:56:58.282Z - starting server
error 2020-11-22T18:57:31.891Z - ReferenceError: validateId is not defined
error 2020-11-22T18:59:55.729Z - ReferenceError: validateId is not defined
error 2020-11-22T19:00:18.063Z - ReferenceError: validateId is not defined
error 2020-11-22T19:00:52.733Z - ReferenceError: validateId is not defined
error 2020-11-22T19:01:03.916Z - ReferenceError: validateId is not defined
info 2020-11-22T19:20:12.953Z - starting server
info 2020-11-22T19:25:25.426Z - starting server
error 2020-11-22T19:25:42.458Z - ReferenceError: validateId is not defined
error 2020-11-22T19:26:04.270Z - TypeError: undefined is not a id
info 2020-11-22T19:39:28.043Z - starting server
error 2020-11-22T19:39:53.590Z - ReferenceError: validateId is not defined
error 2020-11-22T19:40:30.188Z - TypeError: [object Object] is not a id
info 2020-11-22T19:44:28.656Z - stopping server
info 2020-11-22T19:44:36.273Z - starting server
error 2020-11-22T19:56:10.104Z - TypeError: [object Object] is not a id
info 2020-11-22T19:59:07.288Z - stopping server
info 2020-11-22T19:59:12.302Z - starting server
error 2020-11-22T20:01:04.420Z - ReferenceError: validateId is not defined
error 2020-11-22T20:01:25.139Z - TypeError: [object Object] is not a id
info 2020-11-22T20:11:14.414Z - stopping server
info 2020-11-22T20:11:26.144Z - starting server
error 2020-11-22T20:11:58.446Z - ReferenceError: validateId is not defined
error 2020-11-22T20:12:13.558Z - TypeError: [object Object] is not a id
error 2020-11-22T20:16:35.126Z - TypeError: [object Object] is not a id
info 2020-11-22T20:19:34.211Z - starting server
info 2020-11-22T20:19:48.163Z - starting server
error 2020-11-22T20:21:39.134Z - ReferenceError: validateId is not defined
error 2020-11-22T20:22:28.824Z - ReferenceError: noteId is not defined
info 2020-11-22T20:38:40.614Z - stopping server
info 2020-11-22T20:38:43.293Z - starting server
error 2020-11-22T20:39:46.896Z - ReferenceError: validateId is not defined
error 2020-11-22T20:40:16.945Z - ReferenceError: noteId is not defined
error 2020-11-22T20:41:43.722Z - ReferenceError: validateId is not defined
error 2020-11-22T20:42:16.383Z - ReferenceError: validateId is not defined
error 2020-11-22T20:42:36.434Z - ReferenceError: noteId is not defined
info 2020-11-22T20:44:42.710Z - starting server
error 2020-11-22T20:44:56.645Z - ReferenceError: validateId is not defined
error 2020-11-22T20:45:04.551Z - ReferenceError: validateId is not defined
info 2020-11-22T20:47:21.225Z - starting server
error 2020-11-22T20:48:13.227Z - ReferenceError: validateId is not defined
error 2020-11-23T10:17:02.500Z - ReferenceError: validateId is not defined
info 2020-11-23T10:58:47.475Z - starting server
info 2020-11-23T11:00:44.664Z - starting server
info 2020-11-23T11:04:00.211Z - starting server
info 2020-11-23T11:05:14.819Z - starting server
info 2020-11-23T11:05:38.424Z - starting server
info 2020-11-23T11:27:18.201Z - starting server
info 2020-11-23T11:27:42.820Z - starting server
info 2020-11-23T11:28:22.997Z - starting server
info 2020-11-23T11:28:39.034Z - starting server
info 2020-11-23T11:54:29.229Z - stopping server
info 2020-11-23T11:54:33.522Z - starting server
error 2020-11-23T11:55:55.054Z - ReferenceError: validateId is not defined
error 2020-11-23T11:56:09.864Z - ReferenceError: validateId is not defined
info 2020-11-23T12:03:17.004Z - stopping server
info 2020-11-25T12:17:23.034Z - starting server
error 2020-11-25T12:19:02.170Z - Error: wrong credentials
info 2020-11-25T12:25:00.465Z - starting server
info 2020-11-25T12:42:34.227Z - starting server
info 2020-11-25T12:42:46.217Z - stopping server
info 2020-11-25T12:42:48.218Z - starting server
error 2020-11-25T12:47:05.508Z - Error: Argument passed in must be a single String of 12 bytes or a string of 24 hex characters
info 2020-11-25T12:56:19.278Z - stopping server
info 2020-11-25T12:57:26.543Z - starting server
info 2020-11-25T12:59:19.045Z - starting server
info 2020-11-25T12:59:28.162Z - starting server
info 2020-11-25T13:05:13.988Z - starting server
error 2020-11-25T13:06:00.950Z - TypeError: undefined is not a callback
error 2020-11-25T13:10:23.007Z - TypeError: undefined is not a callback
error 2020-11-25T14:13:54.928Z - TypeError: undefined is not a callback
error 2020-11-25T14:18:22.061Z - TypeError: undefined is not a callback
info 2020-11-25T14:26:18.709Z - starting server
info 2020-11-25T14:26:22.595Z - starting server
info 2020-11-25T14:26:31.654Z - starting server
info 2020-11-25T14:36:28.090Z - starting server
info 2020-11-25T15:22:54.749Z - starting server
info 2020-11-25T15:51:11.035Z - starting server
info 2020-11-25T15:51:37.503Z - starting server
info 2020-11-25T15:53:08.498Z - starting server
info 2020-11-25T15:53:12.928Z - stopping server
info 2020-11-25T15:53:15.551Z - starting server
info 2020-11-25T17:15:12.515Z - starting server
info 2020-11-25T17:15:53.461Z - starting server
info 2020-11-25T17:20:18.223Z - starting server
info 2020-11-25T17:44:42.516Z - starting server
info 2020-11-25T17:52:26.688Z - stopping server
info 2020-11-25T18:19:47.605Z - starting server
info 2020-11-25T18:21:08.183Z - stopping server
info 2020-11-25T18:23:08.657Z - starting server
info 2020-11-26T05:51:43.066Z - starting server
info 2020-11-26T05:52:47.525Z - stopping server
info 2020-11-26T06:58:20.157Z - starting server
error 2020-11-26T06:58:37.325Z - ReferenceError: token is not defined
error 2020-11-26T07:02:08.238Z - ReferenceError: token is not defined
error 2020-11-26T07:02:45.755Z - ReferenceError: token is not defined
info 2020-11-26T07:04:20.302Z - starting server
info 2020-11-26T07:05:15.538Z - starting server
info 2020-11-26T07:06:01.390Z - starting server
info 2020-11-26T07:07:45.991Z - starting server
info 2020-11-26T07:08:07.504Z - starting server
info 2020-11-26T07:08:32.040Z - starting server
info 2020-11-26T07:10:06.456Z - starting server
error 2020-11-26T07:10:17.541Z - ReferenceError: cp is not defined
error 2020-11-26T07:10:33.780Z - ReferenceError: cp is not defined
info 2020-11-26T07:11:17.504Z - starting server
error 2020-11-26T07:11:30.436Z - ReferenceError: token is not defined
info 2020-11-26T07:12:15.007Z - starting server
info 2020-11-26T07:12:27.558Z - starting server
info 2020-11-26T07:12:48.835Z - starting server
error 2020-11-26T07:12:59.695Z - ReferenceError: token is not defined
info 2020-11-26T07:14:39.390Z - starting server
info 2020-11-26T07:15:14.384Z - starting server
info 2020-11-26T07:15:18.581Z - starting server
error 2020-11-26T07:15:31.865Z - ReferenceError: token is not defined
error 2020-11-26T07:16:37.591Z - ReferenceError: token is not defined
error 2020-11-26T07:18:24.901Z - ReferenceError: token is not defined
error 2020-11-26T07:20:03.427Z - ReferenceError: token is not defined
error 2020-11-26T07:21:33.492Z - ReferenceError: token is not defined
info 2020-11-26T07:22:05.627Z - starting server
info 2020-11-26T07:22:17.568Z - starting server
info 2020-11-26T07:22:37.973Z - starting server
info 2020-11-26T07:22:52.111Z - starting server
info 2020-11-26T07:24:12.997Z - starting server
error 2020-11-26T07:24:25.180Z - ReferenceError: Cannot access 'token' before initialization
error 2020-11-26T07:24:30.930Z - ReferenceError: Cannot access 'token' before initialization
info 2020-11-26T07:25:15.160Z - starting server
info 2020-11-26T07:25:23.151Z - starting server
info 2020-11-26T07:26:57.034Z - starting server
info 2020-11-26T07:28:08.279Z - starting server
info 2020-11-26T07:28:51.859Z - starting server
info 2020-11-26T07:29:38.226Z - stopping server
info 2020-11-26T07:29:50.142Z - starting server
error 2020-11-26T07:30:06.058Z - ReferenceError: token is not defined
error 2020-11-26T07:31:06.709Z - ReferenceError: token is not defined
error 2020-11-26T07:32:51.161Z - ReferenceError: token is not defined
error 2020-11-26T07:34:52.351Z - ReferenceError: token is not defined
error 2020-11-26T07:35:16.319Z - ReferenceError: token is not defined
error 2020-11-26T07:36:54.119Z - ReferenceError: token is not defined
error 2020-11-26T07:39:20.262Z - ReferenceError: token is not defined
error 2020-11-26T07:41:56.966Z - ReferenceError: token is not defined
error 2020-11-26T07:42:46.728Z - ReferenceError: token is not defined
error 2020-11-26T07:43:21.784Z - ReferenceError: token is not defined
error 2020-11-26T07:48:45.847Z - ReferenceError: token is not defined
error 2020-11-26T07:50:16.884Z - ReferenceError: token is not defined
error 2020-11-26T08:11:52.770Z - ReferenceError: token is not defined
error 2020-11-26T08:33:05.329Z - ReferenceError: token is not defined
error 2020-11-26T08:37:44.146Z - ReferenceError: token is not defined
info 2020-11-26T08:40:26.231Z - stopping server
info 2020-11-26T08:41:07.343Z - starting server
error 2020-11-26T08:51:41.543Z - MongoServerSelectionError: connection timed out
info 2020-11-26T08:53:31.240Z - starting server
error 2020-11-26T08:54:16.819Z - Error: id length is not 31
info 2020-11-26T08:56:37.469Z - stopping server
info 2020-11-26T08:56:42.431Z - starting server
info 2020-11-26T09:01:10.655Z - stopping server
info 2020-11-26T09:02:20.600Z - starting server
error 2020-11-26T09:15:51.353Z - MongoServerSelectionError: connection <monitor> to 127.0.0.1:27017 timed out
info 2020-11-26T09:21:50.986Z - starting server
info 2020-11-26T09:22:21.952Z - stopping server
info 2020-11-26T09:22:43.975Z - starting server
info 2020-11-26T09:44:14.209Z - starting server
error 2020-11-26T09:44:46.911Z - Error: id length is not 31
error 2020-11-26T09:45:23.957Z - ReferenceError: token is not defined
info 2020-11-26T10:33:45.854Z - stopping server
info 2020-11-26T14:47:14.887Z - starting server
error 2020-11-26T14:53:19.600Z - AuthError: wrong credentials
    at C:\Users\marta\bootcamp\collab\letscoder-bootcamp-202010\staff\marta-cervera\notes-api\logic\authenticate-user.js:24:30
    at processTicksAndRejections (internal/process/task_queues.js:97:5)
error 2020-11-26T15:40:32.958Z - ReferenceError: LenghtError is not defined
    at validateId (C:\Users\marta\bootcamp\collab\letscoder-bootcamp-202010\staff\marta-cervera\notes-api\logic\helpers\validations.js:34:31)
    at Object.<anonymous> (C:\Users\marta\bootcamp\collab\letscoder-bootcamp-202010\staff\marta-cervera\notes-api\logic\retrieve-notes.js:9:5)
    at module.exports (C:\Users\marta\bootcamp\collab\letscoder-bootcamp-202010\staff\marta-cervera\notes-api\routes\api\handlers\handle-retrieve-notes.js:12:9)
    at C:\Users\marta\bootcamp\collab\letscoder-bootcamp-202010\staff\marta-cervera\notes-api\routes\api\helpers\with-error-handling.js:6:9
    at Layer.handle [as handle_request] (C:\Users\marta\bootcamp\collab\letscoder-bootcamp-202010\staff\marta-cervera\notes-api\node_modules\express\lib\router\layer.js:95:5)
    at next (C:\Users\marta\bootcamp\collab\letscoder-bootcamp-202010\staff\marta-cervera\notes-api\node_modules\express\lib\router\route.js:137:13)
    at Route.dispatch (C:\Users\marta\bootcamp\collab\letscoder-bootcamp-202010\staff\marta-cervera\notes-api\node_modules\express\lib\router\route.js:112:3)
    at Layer.handle [as handle_request] (C:\Users\marta\bootcamp\collab\letscoder-bootcamp-202010\staff\marta-cervera\notes-api\node_modules\express\lib\router\layer.js:95:5)
    at C:\Users\marta\bootcamp\collab\letscoder-bootcamp-202010\staff\marta-cervera\notes-api\node_modules\express\lib\router\index.js:281:22
    at Function.process_params (C:\Users\marta\bootcamp\collab\letscoder-bootcamp-202010\staff\marta-cervera\notes-api\node_modules\express\lib\router\index.js:335:12)
error 2020-11-26T15:41:03.852Z - ReferenceError: token is not defined
    at module.exports (C:\Users\marta\bootcamp\collab\letscoder-bootcamp-202010\staff\marta-cervera\notes-api\routes\api\handlers\handle-save-note.js:13:44)
    at C:\Users\marta\bootcamp\collab\letscoder-bootcamp-202010\staff\marta-cervera\notes-api\routes\api\helpers\with-error-handling.js:6:9
    at Layer.handle [as handle_request] (C:\Users\marta\bootcamp\collab\letscoder-bootcamp-202010\staff\marta-cervera\notes-api\node_modules\express\lib\router\layer.js:95:5)
    at next (C:\Users\marta\bootcamp\collab\letscoder-bootcamp-202010\staff\marta-cervera\notes-api\node_modules\express\lib\router\route.js:137:13)
    at IncomingMessage.<anonymous> (C:\Users\marta\bootcamp\collab\letscoder-bootcamp-202010\staff\marta-cervera\notes-api\middlewares\json-body-parser.js:18:9)
    at IncomingMessage.emit (events.js:314:20)
    at endReadableNT (_stream_readable.js:1223:12)
    at processTicksAndRejections (internal/process/task_queues.js:84:21)
error 2020-11-26T15:42:10.816Z - ReferenceError: LenghtError is not defined
    at validateId (C:\Users\marta\bootcamp\collab\letscoder-bootcamp-202010\staff\marta-cervera\notes-api\logic\helpers\validations.js:34:31)
    at Object.<anonymous> (C:\Users\marta\bootcamp\collab\letscoder-bootcamp-202010\staff\marta-cervera\notes-api\logic\retrieve-notes.js:9:5)
    at module.exports (C:\Users\marta\bootcamp\collab\letscoder-bootcamp-202010\staff\marta-cervera\notes-api\routes\api\handlers\handle-retrieve-notes.js:12:9)
    at C:\Users\marta\bootcamp\collab\letscoder-bootcamp-202010\staff\marta-cervera\notes-api\routes\api\helpers\with-error-handling.js:6:9
    at Layer.handle [as handle_request] (C:\Users\marta\bootcamp\collab\letscoder-bootcamp-202010\staff\marta-cervera\notes-api\node_modules\express\lib\router\layer.js:95:5)
    at next (C:\Users\marta\bootcamp\collab\letscoder-bootcamp-202010\staff\marta-cervera\notes-api\node_modules\express\lib\router\route.js:137:13)
    at Route.dispatch (C:\Users\marta\bootcamp\collab\letscoder-bootcamp-202010\staff\marta-cervera\notes-api\node_modules\express\lib\router\route.js:112:3)
    at Layer.handle [as handle_request] (C:\Users\marta\bootcamp\collab\letscoder-bootcamp-202010\staff\marta-cervera\notes-api\node_modules\express\lib\router\layer.js:95:5)
    at C:\Users\marta\bootcamp\collab\letscoder-bootcamp-202010\staff\marta-cervera\notes-api\node_modules\express\lib\router\index.js:281:22
    at Function.process_params (C:\Users\marta\bootcamp\collab\letscoder-bootcamp-202010\staff\marta-cervera\notes-api\node_modules\express\lib\router\index.js:335:12)
error 2020-11-26T15:59:39.464Z - ReferenceError: LenghtError is not defined
    at validateId (C:\Users\marta\bootcamp\collab\letscoder-bootcamp-202010\staff\marta-cervera\notes-api\logic\helpers\validations.js:34:31)
    at Object.<anonymous> (C:\Users\marta\bootcamp\collab\letscoder-bootcamp-202010\staff\marta-cervera\notes-api\logic\retrieve-notes.js:9:5)
    at module.exports (C:\Users\marta\bootcamp\collab\letscoder-bootcamp-202010\staff\marta-cervera\notes-api\routes\api\handlers\handle-retrieve-notes.js:12:9)
    at C:\Users\marta\bootcamp\collab\letscoder-bootcamp-202010\staff\marta-cervera\notes-api\routes\api\helpers\with-error-handling.js:6:9
    at Layer.handle [as handle_request] (C:\Users\marta\bootcamp\collab\letscoder-bootcamp-202010\staff\marta-cervera\notes-api\node_modules\express\lib\router\layer.js:95:5)
    at next (C:\Users\marta\bootcamp\collab\letscoder-bootcamp-202010\staff\marta-cervera\notes-api\node_modules\express\lib\router\route.js:137:13)
    at Route.dispatch (C:\Users\marta\bootcamp\collab\letscoder-bootcamp-202010\staff\marta-cervera\notes-api\node_modules\express\lib\router\route.js:112:3)
    at Layer.handle [as handle_request] (C:\Users\marta\bootcamp\collab\letscoder-bootcamp-202010\staff\marta-cervera\notes-api\node_modules\express\lib\router\layer.js:95:5)
    at C:\Users\marta\bootcamp\collab\letscoder-bootcamp-202010\staff\marta-cervera\notes-api\node_modules\express\lib\router\index.js:281:22
    at Function.process_params (C:\Users\marta\bootcamp\collab\letscoder-bootcamp-202010\staff\marta-cervera\notes-api\node_modules\express\lib\router\index.js:335:12)
error 2020-11-26T16:02:14.512Z - ReferenceError: token is not defined
    at module.exports (C:\Users\marta\bootcamp\collab\letscoder-bootcamp-202010\staff\marta-cervera\notes-api\routes\api\handlers\handle-save-note.js:13:44)
    at C:\Users\marta\bootcamp\collab\letscoder-bootcamp-202010\staff\marta-cervera\notes-api\routes\api\helpers\with-error-handling.js:6:9
    at Layer.handle [as handle_request] (C:\Users\marta\bootcamp\collab\letscoder-bootcamp-202010\staff\marta-cervera\notes-api\node_modules\express\lib\router\layer.js:95:5)
    at next (C:\Users\marta\bootcamp\collab\letscoder-bootcamp-202010\staff\marta-cervera\notes-api\node_modules\express\lib\router\route.js:137:13)
    at IncomingMessage.<anonymous> (C:\Users\marta\bootcamp\collab\letscoder-bootcamp-202010\staff\marta-cervera\notes-api\middlewares\json-body-parser.js:18:9)
    at IncomingMessage.emit (events.js:314:20)
    at endReadableNT (_stream_readable.js:1223:12)
    at processTicksAndRejections (internal/process/task_queues.js:84:21)
info 2020-11-26T16:34:36.230Z - stopping server
info 2020-11-26T16:46:11.636Z - starting server
info 2020-11-26T16:52:54.559Z - starting server
error 2020-11-26T16:59:14.017Z - LengthError: id length is not 31
error 2020-11-26T17:04:39.637Z - ReferenceError: token is not defined
error 2020-11-26T17:07:39.453Z - LengthError: id length is not 31
error 2020-11-26T17:09:30.941Z - ReferenceError: token is not defined
error 2020-11-26T17:14:34.089Z - LengthError: id length is not 31
error 2020-11-26T17:15:02.721Z - ReferenceError: token is not defined
info 2020-11-26T17:24:07.341Z - starting server
info 2020-11-26T17:24:14.865Z - starting server
info 2020-11-26T17:25:34.768Z - starting server
info 2020-11-26T17:26:31.828Z - starting server
info 2020-11-26T17:27:05.385Z - starting server
error 2020-11-26T17:27:16.795Z - LengthError: id length is not 31
info 2020-11-26T17:27:24.953Z - stopping server
info 2020-11-26T17:27:30.081Z - starting server
error 2020-11-26T17:27:59.983Z - LengthError: id length is not 31
error 2020-11-26T17:28:10.318Z - ReferenceError: token is not defined
info 2020-11-26T17:29:27.939Z - stopping server
info 2020-11-26T17:29:33.737Z - starting server
error 2020-11-26T17:29:57.425Z - LengthError: id length is not 31
error 2020-11-26T17:30:08.719Z - ReferenceError: token is not defined
error 2020-11-26T17:44:58.692Z - LengthError: id length is not 31
error 2020-11-26T17:46:29.045Z - LengthError: id length is not 31
error 2020-11-26T17:46:35.636Z - ReferenceError: token is not defined
error 2020-11-26T17:50:11.653Z - LengthError: id length is not 31
error 2020-11-26T17:50:26.834Z - ReferenceError: token is not defined
info 2020-11-26T18:10:50.420Z - stopping server
info 2020-11-26T18:26:22.217Z - starting server
error 2020-11-26T18:26:51.813Z - LengthError: id length is not 24
error 2020-11-26T18:26:59.624Z - LengthError: id length is not 24
error 2020-11-26T18:27:04.865Z - LengthError: id length is not 24
error 2020-11-26T18:28:10.698Z - LengthError: id length is not 24
error 2020-11-26T18:28:23.787Z - LengthError: id length is not 24
error 2020-11-26T18:28:35.954Z - LengthError: id length is not 24
info 2020-11-26T18:29:14.762Z - stopping server
info 2020-11-26T18:29:53.797Z - starting server
error 2020-11-26T18:30:24.999Z - LengthError: id length is not 31
error 2020-11-26T18:34:12.222Z - LengthError: id length is not 31
error 2020-11-26T18:35:53.670Z - LengthError: id length is not 31
error 2020-11-26T18:37:37.602Z - LengthError: id length is not 31
error 2020-11-26T18:46:22.720Z - LengthError: id length is not 31
error 2020-11-26T18:47:11.146Z - LengthError: id length is not 31
error 2020-11-26T18:47:47.699Z - LengthError: id length is not 31
error 2020-11-26T18:50:34.783Z - LengthError: id length is not 31
error 2020-11-26T18:52:12.707Z - LengthError: id length is not 31
info 2020-11-26T18:52:38.502Z - stopping server
info 2020-11-26T18:52:40.863Z - starting server
error 2020-11-26T18:53:03.978Z - LengthError: id length is not 24
error 2020-11-26T18:54:01.220Z - LengthError: id length is not 24
info 2020-11-26T19:05:58.104Z - stopping server
info 2020-11-26T20:52:02.415Z - starting server
error 2020-11-26T20:52:51.624Z - ValidationError: password: Path `password` (`123`) is shorter than the minimum allowed length (8).
error 2020-11-26T20:53:07.067Z - ValidationError: password: Path `password` (`123`) is shorter than the minimum allowed length (8).
error 2020-11-26T20:53:50.696Z - ValidationError: password: Path `password` (`123`) is shorter than the minimum allowed length (8).
info 2020-11-26T20:55:12.401Z - stopping server
info 2020-11-26T20:58:30.870Z - starting server
error 2020-11-26T21:03:05.566Z - TypeError: Cannot read property 'db' of undefined
info 2020-11-26T21:21:44.611Z - stopping server
info 2020-11-26T21:21:47.369Z - starting server
error 2020-11-26T21:22:27.633Z - TypeError: [object Object] is not a id
error 2020-11-26T21:26:17.602Z - TypeError: [object Object] is not a id
info 2020-11-26T21:37:04.175Z - stopping server
info 2020-11-26T21:37:09.485Z - starting server
error 2020-11-26T21:37:38.143Z - TypeError: User.save is not a function
error 2020-11-26T21:38:12.857Z - TypeError: User.save is not a function
error 2020-11-26T21:42:51.756Z - AuthError: wrong credentials
error 2020-11-26T21:43:01.151Z - TypeError: User.save is not a function
info 2020-11-26T21:43:13.664Z - stopping server
info 2020-11-26T21:43:17.326Z - starting server
error 2020-11-26T21:43:52.550Z - TypeError: User.get is not a function
info 2020-11-26T21:56:46.734Z - stopping server
info 2020-11-26T21:56:49.891Z - starting server
error 2020-11-26T21:57:28.013Z - ConflictError: user with e-mailrodolfo@mail.com already registerd
error 2020-11-26T21:57:41.737Z - TypeError: true is not a id
info 2020-11-26T22:01:47.660Z - stopping server
info 2020-11-26T22:01:53.467Z - starting server
error 2020-11-26T22:02:50.765Z - TypeError: [object Object] is not a id
error 2020-11-26T22:03:26.272Z - TypeError: [object Object] is not a id
